This file contains any messages produced by compilers while
running configure, to aid debugging if configure makes a mistake.

It was created by rftg configure 0.8.1, which was
generated by GNU Autoconf 2.67.  Invocation command line was

  $ ./configure 

## --------- ##
## Platform. ##
## --------- ##

hostname = Swarek
uname -m = i686
uname -r = 1.7.7(0.230/5/3)
uname -s = CYGWIN_NT-6.1-WOW64
uname -v = 2010-08-31 09:58

/usr/bin/uname -p = unknown
/bin/uname -X     = unknown

/bin/arch              = i686
/usr/bin/arch -k       = unknown
/usr/convex/getsysinfo = unknown
/usr/bin/hostinfo      = unknown
/bin/machine           = unknown
/usr/bin/oslevel       = unknown
/bin/universe          = unknown

PATH: /usr/local/bin
PATH: /usr/bin
PATH: /bin
PATH: /cygdrive/c/oracle/product/10.2.0/db_1/bin
PATH: /cygdrive/c/Program Files/Common Files/Microsoft Shared/Windows Live
PATH: /cygdrive/c/Program Files (x86)/Common Files/Microsoft Shared/Windows Live
PATH: /cygdrive/c/Windows/system32
PATH: /cygdrive/c/Windows
PATH: /cygdrive/c/Windows/System32/Wbem
PATH: /cygdrive/c/Windows/System32/WindowsPowerShell/v1.0/
PATH: /cygdrive/c/devtools/SlikSvn/bin/
PATH: /cygdrive/c/acsele/jse5/bin
PATH: /cygdrive/c/Program Files (x86)/Windows Live/Shared
PATH: /cygdrive/c/Program Files/TortoiseSVN/bin
PATH: /cygdrive/c/Program Files (x86)/QuickTime/QTSystem/
PATH: /cygdrive/c/Program Files (x86)/Calibre2/
PATH: /cygdrive/c/devtools/Ruby192/bin


## ----------- ##
## Core tests. ##
## ----------- ##

configure:2160: checking for a BSD-compatible install
configure:2228: result: /usr/bin/install -c
configure:2239: checking whether build environment is sane
configure:2276: result: yes
configure:2338: checking for gawk
configure:2354: found /usr/bin/gawk
configure:2365: result: gawk
configure:2376: checking whether make sets $(MAKE)
configure:2398: result: yes
configure:2625: checking for gcc
configure:2641: found /usr/bin/gcc
configure:2652: result: gcc
configure:2881: checking for C compiler version
configure:2890: gcc --version >&5
gcc (GCC) 4.3.4 20090804 (release) 1
Copyright (C) 2008 Free Software Foundation, Inc.
This is free software; see the source for copying conditions.  There is NO
warranty; not even for MERCHANTABILITY or FITNESS FOR A PARTICULAR PURPOSE.

configure:2901: $? = 0
configure:2890: gcc -v >&5
Using built-in specs.
Target: i686-pc-cygwin
Configured with: /gnu/gcc/releases/respins/4.3.4-3a/gcc4-4.3.4-3/src/gcc-4.3.4/configure --srcdir=/gnu/gcc/releases/respins/4.3.4-3a/gcc4-4.3.4-3/src/gcc-4.3.4 --prefix=/usr --exec-prefix=/usr --bindir=/usr/bin --sbindir=/usr/sbin --libexecdir=/usr/lib --datadir=/usr/share --localstatedir=/var --sysconfdir=/etc --infodir=/usr/share/info --mandir=/usr/share/man --datadir=/usr/share --infodir=/usr/share/info --mandir=/usr/share/man -v --with-gmp=/usr --with-mpfr=/usr --enable-bootstrap --enable-version-specific-runtime-libs --with-slibdir=/usr/bin --libexecdir=/usr/lib --enable-static --enable-shared --enable-shared-libgcc --disable-__cxa_atexit --with-gnu-ld --with-gnu-as --with-dwarf2 --disable-sjlj-exceptions --enable-languages=ada,c,c++,fortran,java,objc,obj-c++ --disable-symvers --enable-libjava --program-suffix=-4 --enable-libgomp --enable-libssp --enable-libada --enable-threads=posix --with-arch=i686 --with-tune=generic --enable-libgcj-sublibs CC=gcc-4 CXX=g++-4 CC_FOR_TARGET=gcc-4 CXX_FOR_TARGET=g++-4 GNATMAKE_FOR_TARGET=gnatmake GNATBIND_FOR_TARGET=gnatbind --with-ecj-jar=/usr/share/java/ecj.jar
Thread model: posix
gcc version 4.3.4 20090804 (release) 1 (GCC) 
configure:2901: $? = 0
configure:2890: gcc -V >&5
gcc: '-V' option must have argument
configure:2901: $? = 1
configure:2890: gcc -qversion >&5
gcc: unrecognized option '-qversion'
gcc: no input files
configure:2901: $? = 1
configure:2921: checking whether the C compiler works
configure:2943: gcc    conftest.c  >&5
configure:2947: $? = 0
configure:2995: result: yes
configure:2998: checking for C compiler default output file name
configure:3000: result: a.exe
configure:3006: checking for suffix of executables
configure:3013: gcc -o conftest.exe    conftest.c  >&5
configure:3017: $? = 0
configure:3039: result: .exe
configure:3061: checking whether we are cross compiling
configure:3069: gcc -o conftest.exe    conftest.c  >&5
configure:3073: $? = 0
configure:3080: ./conftest.exe
configure:3084: $? = 0
configure:3099: result: no
configure:3104: checking for suffix of object files
configure:3126: gcc -c   conftest.c >&5
configure:3130: $? = 0
configure:3151: result: o
configure:3155: checking whether we are using the GNU C compiler
configure:3174: gcc -c   conftest.c >&5
configure:3174: $? = 0
configure:3183: result: yes
configure:3192: checking whether gcc accepts -g
configure:3212: gcc -c -g  conftest.c >&5
configure:3212: $? = 0
configure:3253: result: yes
configure:3270: checking for gcc option to accept ISO C89
configure:3334: gcc  -c -g -O2  conftest.c >&5
configure:3334: $? = 0
configure:3347: result: none needed
configure:3378: checking for style of include used by make
configure:3406: result: GNU
configure:3434: checking dependency style of gcc
configure:3524: result: gcc3
configure:3543: checking for exp in -lm
configure:3568: gcc -o conftest.exe -g -O2   conftest.c -lm   >&5
conftest.c:18: warning: conflicting types for built-in function 'exp'
configure:3568: $? = 0
configure:3577: result: yes
configure:3594: checking how to run the C preprocessor
configure:3625: gcc -E  conftest.c
configure:3625: $? = 0
configure:3639: gcc -E  conftest.c
conftest.c:12:28: error: ac_nonexistent.h: No such file or directory
configure:3639: $? = 1
configure: failed program was:
| /* confdefs.h */
| #define PACKAGE_NAME "rftg"
| #define PACKAGE_TARNAME "rftg"
| #define PACKAGE_VERSION "0.8.1"
| #define PACKAGE_STRING "rftg 0.8.1"
| #define PACKAGE_BUGREPORT "keldon@keldon.net"
| #define PACKAGE_URL ""
| #define PACKAGE "rftg"
| #define VERSION "0.8.1"
| #define HAVE_LIBM 1
| /* end confdefs.h.  */
| #include <ac_nonexistent.h>
configure:3664: result: gcc -E
configure:3684: gcc -E  conftest.c
configure:3684: $? = 0
configure:3698: gcc -E  conftest.c
conftest.c:12:28: error: ac_nonexistent.h: No such file or directory
configure:3698: $? = 1
configure: failed program was:
| /* confdefs.h */
| #define PACKAGE_NAME "rftg"
| #define PACKAGE_TARNAME "rftg"
| #define PACKAGE_VERSION "0.8.1"
| #define PACKAGE_STRING "rftg 0.8.1"
| #define PACKAGE_BUGREPORT "keldon@keldon.net"
| #define PACKAGE_URL ""
| #define PACKAGE "rftg"
| #define VERSION "0.8.1"
| #define HAVE_LIBM 1
| /* end confdefs.h.  */
| #include <ac_nonexistent.h>
configure:3727: checking for grep that handles long lines and -e
configure:3785: result: /usr/bin/grep
configure:3790: checking for egrep
configure:3852: result: /usr/bin/grep -E
configure:3857: checking for ANSI C header files
configure:3877: gcc -c -g -O2  conftest.c >&5
configure:3877: $? = 0
configure:3950: gcc -o conftest.exe -g -O2   conftest.c -lm  >&5
configure:3950: $? = 0
configure:3950: ./conftest.exe
configure:3950: $? = 0
configure:3961: result: yes
configure:3974: checking for sys/types.h
configure:3974: gcc -c -g -O2  conftest.c >&5
configure:3974: $? = 0
configure:3974: result: yes
configure:3974: checking for sys/stat.h
configure:3974: gcc -c -g -O2  conftest.c >&5
configure:3974: $? = 0
configure:3974: result: yes
configure:3974: checking for stdlib.h
configure:3974: gcc -c -g -O2  conftest.c >&5
configure:3974: $? = 0
configure:3974: result: yes
configure:3974: checking for string.h
configure:3974: gcc -c -g -O2  conftest.c >&5
configure:3974: $? = 0
configure:3974: result: yes
configure:3974: checking for memory.h
configure:3974: gcc -c -g -O2  conftest.c >&5
configure:3974: $? = 0
configure:3974: result: yes
configure:3974: checking for strings.h
configure:3974: gcc -c -g -O2  conftest.c >&5
configure:3974: $? = 0
configure:3974: result: yes
configure:3974: checking for inttypes.h
configure:3974: gcc -c -g -O2  conftest.c >&5
configure:3974: $? = 0
configure:3974: result: yes
configure:3974: checking for stdint.h
configure:3974: gcc -c -g -O2  conftest.c >&5
configure:3974: $? = 0
configure:3974: result: yes
configure:3974: checking for unistd.h
configure:3974: gcc -c -g -O2  conftest.c >&5
configure:3974: $? = 0
configure:3974: result: yes
configure:3988: checking stdio.h usability
configure:3988: gcc -c -g -O2  conftest.c >&5
configure:3988: $? = 0
configure:3988: result: yes
configure:3988: checking stdio.h presence
configure:3988: gcc -E  conftest.c
configure:3988: $? = 0
configure:3988: result: yes
configure:3988: checking for stdio.h
configure:3988: result: yes
configure:4021: checking for pkg-config
configure:4052: result: no
configure:4074: checking for GTK+ - version >= 2.16.0
configure:4202: result: no
configure:4327: checking for working memcmp
configure:4370: gcc -o conftest.exe -g -O2   conftest.c -lm  >&5
configure:4370: $? = 0
configure:4370: ./conftest.exe
configure:4370: $? = 0
configure:4380: result: yes
configure:4391: checking for memset
configure:4391: gcc -o conftest.exe -g -O2   conftest.c -lm  >&5
conftest.c:46: warning: conflicting types for built-in function 'memset'
configure:4391: $? = 0
configure:4391: result: yes
configure:4518: creating ./config.status

## ---------------------- ##
## Running config.status. ##
## ---------------------- ##

This file was extended by rftg config.status 0.8.1, which was
generated by GNU Autoconf 2.67.  Invocation command line was

  CONFIG_FILES    = 
  CONFIG_HEADERS  = 
  CONFIG_LINKS    = 
  CONFIG_COMMANDS = 
  $ ./config.status 

on Swarek

config.status:860: creating Makefile
config.status:860: creating network/Makefile
config.status:860: creating config.h
config.status:1081: executing depfiles commands

## ---------------- ##
## Cache variables. ##
## ---------------- ##

ac_cv_c_compiler_gnu=yes
ac_cv_env_CC_set=
ac_cv_env_CC_value=
ac_cv_env_CFLAGS_set=
ac_cv_env_CFLAGS_value=
ac_cv_env_CPPFLAGS_set=
ac_cv_env_CPPFLAGS_value=
ac_cv_env_CPP_set=
ac_cv_env_CPP_value=
ac_cv_env_LDFLAGS_set=
ac_cv_env_LDFLAGS_value=
ac_cv_env_LIBS_set=
ac_cv_env_LIBS_value=
ac_cv_env_build_alias_set=
ac_cv_env_build_alias_value=
ac_cv_env_host_alias_set=
ac_cv_env_host_alias_value=
ac_cv_env_target_alias_set=
ac_cv_env_target_alias_value=
ac_cv_exeext=.exe
ac_cv_func_memcmp_working=yes
ac_cv_func_memset=yes
ac_cv_header_inttypes_h=yes
ac_cv_header_memory_h=yes
ac_cv_header_stdc=yes
ac_cv_header_stdint_h=yes
ac_cv_header_stdio_h=yes
ac_cv_header_stdlib_h=yes
ac_cv_header_string_h=yes
ac_cv_header_strings_h=yes
ac_cv_header_sys_stat_h=yes
ac_cv_header_sys_types_h=yes
ac_cv_header_unistd_h=yes
ac_cv_lib_m_exp=yes
ac_cv_objext=o
ac_cv_path_EGREP='/usr/bin/grep -E'
ac_cv_path_GREP=/usr/bin/grep
ac_cv_path_PKG_CONFIG=no
ac_cv_path_install='/usr/bin/install -c'
ac_cv_prog_AWK=gawk
ac_cv_prog_CPP='gcc -E'
ac_cv_prog_ac_ct_CC=gcc
ac_cv_prog_cc_c89=
ac_cv_prog_cc_g=yes
ac_cv_prog_make_make_set=yes
am_cv_CC_dependencies_compiler_type=gcc3

## ----------------- ##
## Output variables. ##
## ----------------- ##

ACLOCAL='${SHELL} /cygdrive/c/devtools/projects/rftg-0.8.1/missing --run aclocal-1.9'
AMDEPBACKSLASH='\'
AMDEP_FALSE='#'
AMDEP_TRUE=''
AMTAR='${SHELL} /cygdrive/c/devtools/projects/rftg-0.8.1/missing --run tar'
AUTOCONF='${SHELL} /cygdrive/c/devtools/projects/rftg-0.8.1/missing --run autoconf'
AUTOHEADER='${SHELL} /cygdrive/c/devtools/projects/rftg-0.8.1/missing --run autoheader'
AUTOMAKE='${SHELL} /cygdrive/c/devtools/projects/rftg-0.8.1/missing --run automake-1.9'
AWK='gawk'
BUILD_SERVER_FALSE=''
BUILD_SERVER_TRUE='#'
CC='gcc'
CCDEPMODE='depmode=gcc3'
CFLAGS='-g -O2'
CPP='gcc -E'
CPPFLAGS=''
CYGPATH_W='cygpath -w'
DEFS='-DHAVE_CONFIG_H'
DEPDIR='.deps'
ECHO_C=''
ECHO_N='-n'
ECHO_T=''
EGREP='/usr/bin/grep -E'
EXEEXT='.exe'
GREP='/usr/bin/grep'
GTK_CFLAGS=''
GTK_LIBS=''
INSTALL_DATA='${INSTALL} -m 644'
INSTALL_PROGRAM='${INSTALL}'
INSTALL_SCRIPT='${INSTALL}'
INSTALL_STRIP_PROGRAM='${SHELL} $(install_sh) -c -s'
LDFLAGS=''
LIBOBJS=''
LIBS='-lm '
LTLIBOBJS=''
MAKEINFO='${SHELL} /cygdrive/c/devtools/projects/rftg-0.8.1/missing --run makeinfo'
OBJEXT='o'
PACKAGE='rftg'
PACKAGE_BUGREPORT='keldon@keldon.net'
PACKAGE_NAME='rftg'
PACKAGE_STRING='rftg 0.8.1'
PACKAGE_TARNAME='rftg'
PACKAGE_URL=''
PACKAGE_VERSION='0.8.1'
PATH_SEPARATOR=':'
PKG_CONFIG='no'
SET_MAKE=''
SHELL='/bin/sh'
STRIP=''
VERSION='0.8.1'
ac_ct_CC='gcc'
am__fastdepCC_FALSE='#'
am__fastdepCC_TRUE=''
am__include='include'
am__leading_dot='.'
am__quote=''
am__tar='${AMTAR} chof - "$$tardir"'
am__untar='${AMTAR} xf -'
bindir='${exec_prefix}/bin'
build_alias=''
datadir='${datarootdir}'
datarootdir='${prefix}/share'
docdir='${datarootdir}/doc/${PACKAGE_TARNAME}'
dvidir='${docdir}'
exec_prefix='${prefix}'
host_alias=''
htmldir='${docdir}'
includedir='${prefix}/include'
infodir='${datarootdir}/info'
install_sh='/cygdrive/c/devtools/projects/rftg-0.8.1/install-sh'
libdir='${exec_prefix}/lib'
libexecdir='${exec_prefix}/libexec'
localedir='${datarootdir}/locale'
localstatedir='${prefix}/var'
mandir='${datarootdir}/man'
mkdir_p='mkdir -p --'
oldincludedir='/usr/include'
pdfdir='${docdir}'
prefix='/usr/local'
program_transform_name='s,x,x,'
psdir='${docdir}'
sbindir='${exec_prefix}/sbin'
sharedstatedir='${prefix}/com'
sysconfdir='${prefix}/etc'
target_alias=''

## ----------- ##
## confdefs.h. ##
## ----------- ##

/* confdefs.h */
#define PACKAGE_NAME "rftg"
#define PACKAGE_TARNAME "rftg"
#define PACKAGE_VERSION "0.8.1"
#define PACKAGE_STRING "rftg 0.8.1"
#define PACKAGE_BUGREPORT "keldon@keldon.net"
#define PACKAGE_URL ""
#define PACKAGE "rftg"
#define VERSION "0.8.1"
#define HAVE_LIBM 1
#define STDC_HEADERS 1
#define HAVE_SYS_TYPES_H 1
#define HAVE_SYS_STAT_H 1
#define HAVE_STDLIB_H 1
#define HAVE_STRING_H 1
#define HAVE_MEMORY_H 1
#define HAVE_STRINGS_H 1
#define HAVE_INTTYPES_H 1
#define HAVE_STDINT_H 1
#define HAVE_UNISTD_H 1
#define HAVE_STDIO_H 1
#define HAVE_MEMSET 1

configure: exit 0
